DEBUG:port_scanner:Validating IP
DEBUG:port_scanner:Invalid IP
DEBUG:port_scanner:Validating IP
DEBUG:port_scanner:Getting IP
DEBUG:port_scanner:Getting hostname
DEBUG:port_scanner:Validating IP
DEBUG:port_scanner:Getting IP
DEBUG:port_scanner:Getting hostname
DEBUG:port_scanner:Verbose mode
DEBUG:port_scanner:Validating IP
DEBUG:port_scanner:Getting IP
DEBUG:port_scanner:Getting hostname
DEBUG:port_scanner:Verbose mode
DEBUG:port_scanner:Validating IP
DEBUG:port_scanner:Invalid IP
DEBUG:port_scanner:Validating IP
DEBUG:port_scanner:Invalid IP
DEBUG:port_scanner:Validating IP
DEBUG:port_scanner:Invalid IP
DEBUG:port_scanner:Validating IP
DEBUG:port_scanner:Getting IP
DEBUG:port_scanner:Getting hostname
DEBUG:port_scanner:Validating IP
DEBUG:port_scanner:Invalid IP
DEBUG:port_scanner:Validating IP
DEBUG:port_scanner:Invalid IP
DEBUG:port_scanner:Validating IP
DEBUG:port_scanner:Invalid IP
DEBUG:port_scanner:Validating IP
DEBUG:port_scanner:Getting IP
DEBUG:port_scanner:Getting hostname
DEBUG:port_scanner:Verbose mode
DEBUG:port_scanner:Validating IP
DEBUG:port_scanner:Getting IP
DEBUG:port_scanner:Getting hostname
DEBUG:port_scanner:Verbose mode
